#
# There is insufficient memory for the Java Runtime Environment to continue.
# Native memory allocation (mmap) failed to map 96468992 bytes for G1 virtual space
# Possible reasons:
#   The system is out of physical RAM or swap space
#   The process is running with CompressedOops enabled, and the Java Heap may be blocking the growth of the native heap
# Possible solutions:
#   Reduce memory load on the system
#   Increase physical memory or swap space
#   Check if swap backing store is full
#   Decrease Java heap size (-Xmx/-Xms)
#   Decrease number of Java threads
#   Decrease Java thread stack sizes (-Xss)
#   Set larger code cache with -XX:ReservedCodeCacheSize=
#   JVM is running with Unscaled Compressed Oops mode in which the Java heap is
#     placed in the first 4GB address space. The Java Heap base address is the
#     maximum limit for the native heap growth. Please use -XX:HeapBaseMinAddress
#     to set the Java Heap base and to place the Java Heap above 4GB virtual address.
# This output file may be truncated or incomplete.
#
#  Out of Memory Error (os_windows.cpp:3536), pid=19296, tid=24104
#
# JRE version:  (19.0.2+7) (build )
# Java VM: Java HotSpot(TM) 64-Bit Server VM (19.0.2+7-44, mixed mode, sharing, tiered, compressed oops, compressed class ptrs, g1 gc, windows-amd64)
# No core dump will be written. Minidumps are not enabled by default on client versions of Windows
#

---------------  S U M M A R Y ------------

Command Line: com.mycompany.pointofsales.PointOfSales

Host: AMD Ryzen 3 7320U with Radeon Graphics         , 8 cores, 5G,  Windows 11 , 64 bit Build 22000 (10.0.22000.708)
Time: Fri Dec 15 01:34:15 2023 SE Asia Standard Time elapsed time: 0.011047 seconds (0d 0h 0m 0s)

---------------  T H R E A D  ---------------

Current thread (0x000001a8b55bb580):  JavaThread "Unknown thread" [_thread_in_vm, id=24104, stack(0x00000047fcb00000,0x00000047fcc00000)]

Stack: [0x00000047fcb00000,0x00000047fcc00000]
Native frames: (J=compiled Java code, j=interpreted, Vv=VM code, C=native code)
V  [jvm.dll+0x6ee21a]
V  [jvm.dll+0x85765e]
V  [jvm.dll+0x85904e]
V  [jvm.dll+0x859703]
V  [jvm.dll+0x28298f]
V  [jvm.dll+0x6eb009]
V  [jvm.dll+0x6dfbaa]
V  [jvm.dll+0x3573f6]
V  [jvm.dll+0x35ee56]
V  [jvm.dll+0x3b541e]
V  [jvm.dll+0x3b564f]
V  [jvm.dll+0x32c9ea]
V  [jvm.dll+0x32d89e]
V  [jvm.dll+0x821780]
V  [jvm.dll+0x3c2661]
V  [jvm.dll+0x801f51]
V  [jvm.dll+0x44ae8f]
V  [jvm.dll+0x44c811]
C  [jli.dll+0x5287]
C  [ucrtbase.dll+0x26c0c]
C  [KERNEL32.DLL+0x154e0]
C  [ntdll.dll+0x485b]


---------------  P R O C E S S  ---------------

Threads class SMR info:
_java_thread_list=0x00007ffd8a57d048, length=0, elements={
}

Java Threads: ( => current thread )

Other Threads:
  0x000001a8b560bc10 WorkerThread "GC Thread#0" [stack: 0x00000047fcc00000,0x00000047fcd00000] [id=23884]
  0x000001a8b5618330 ConcurrentGCThread "G1 Main Marker" [stack: 0x00000047fcd00000,0x00000047fce00000] [id=18700]
  0x000001a8b5619060 WorkerThread "G1 Conc#0" [stack: 0x00000047fce00000,0x00000047fcf00000] [id=11304]

[error occurred during error reporting (printing all threads), id 0xc0000005, EXCEPTION_ACCESS_VIOLATION (0xc0000005) at pc=0x00007ffd89d3d427]

VM state: not at safepoint (not fully initialized)

VM Mutex/Monitor currently owned by a thread:  ([mutex/lock_event])
[0x000001a8b55b8390] Heap_lock - owner thread: 0x000001a8b55bb580

Heap address: 0x00000000a4200000, size: 1470 MB, Compressed Oops mode: 32-bit

CDS archive(s) mapped at: [0x0000000000000000-0x0000000000000000-0x0000000000000000), size 0, SharedBaseAddress: 0x0000000800000000, ArchiveRelocationMode: 0.
Narrow klass base: 0x0000000000000000, Narrow klass shift: 0, Narrow klass range: 0x0

GC Precious Log:
 CardTable entry size: 512
 Card Set container configuration: InlinePtr #cards 5 size 8 Array Of Cards #cards 12 size 40 Howl #buckets 4 coarsen threshold 1843 Howl Bitmap #cards 512 size 80 coarsen threshold 460 Card regions per heap region 1 cards per card region 2048

Heap:
 garbage-first heap   total 0K, used 0K [0x00000000a4200000, 0x0000000100000000)
  region size 1024K, 0 young (0K), 0 survivors (0K)

[error occurred during error reporting (printing heap information), id 0xc0000005, EXCEPTION_ACCESS_VIOLATION (0xc0000005) at pc=0x00007ffd8a146649]

GC Heap History (0 events):
No events

Dll operation events (1 events):
Event: 0.006 Loaded shared library C:\Program Files\Java\jdk-19\bin\java.dll

Deoptimization events (0 events):
No events

Classes loaded (0 events):
No events

Classes unloaded (0 events):
No events

Classes redefined (0 events):
No events

Internal exceptions (0 events):
No events

VM Operations (0 events):
No events

Events (0 events):
No events


Dynamic libraries:
0x00007ff724560000 - 0x00007ff724570000 	C:\Program Files\Java\jdk-19\bin\java.exe
0x00007ffdd64a0000 - 0x00007ffdd66a9000 	C:\Windows\SYSTEM32\ntdll.dll
0x00007ffdd59f0000 - 0x00007ffdd5aad000 	C:\Windows\System32\KERNEL32.DLL
0x00007ffdd3a20000 - 0x00007ffdd3d9d000 	C:\Windows\System32\KERNELBASE.dll
0x00007ffdd3e60000 - 0x00007ffdd3f71000 	C:\Windows\System32\ucrtbase.dll
0x00007ffdcf160000 - 0x00007ffdcf178000 	C:\Program Files\Java\jdk-19\bin\jli.dll
0x00007ffdcafd0000 - 0x00007ffdcafeb000 	C:\Program Files\Java\jdk-19\bin\VCRUNTIME140.dll
0x00007ffdd5590000 - 0x00007ffdd563e000 	C:\Windows\System32\ADVAPI32.dll
0x00007ffdd54e0000 - 0x00007ffdd5583000 	C:\Windows\System32\msvcrt.dll
0x00007ffdd5440000 - 0x00007ffdd54de000 	C:\Windows\System32\sechost.dll
0x00007ffdd4ce0000 - 0x00007ffdd4e00000 	C:\Windows\System32\RPCRT4.dll
0x00007ffdd5260000 - 0x00007ffdd540d000 	C:\Windows\System32\USER32.dll
0x00007ffdd4070000 - 0x00007ffdd4096000 	C:\Windows\System32\win32u.dll
0x00007ffdd5820000 - 0x00007ffdd5849000 	C:\Windows\System32\GDI32.dll
0x00007ffdbb530000 - 0x00007ffdbb7d5000 	C:\Windows\WinSxS\amd64_microsoft.windows.common-controls_6595b64144ccf1df_6.0.22000.120_none_9d947278b86cc467\COMCTL32.dll
0x00007ffdd40a0000 - 0x00007ffdd41b8000 	C:\Windows\System32\gdi32full.dll
0x00007ffdd3980000 - 0x00007ffdd3a1d000 	C:\Windows\System32\msvcp_win.dll
0x00007ffdca990000 - 0x00007ffdca99a000 	C:\Windows\SYSTEM32\VERSION.dll
0x00007ffdd5bd0000 - 0x00007ffdd5c01000 	C:\Windows\System32\IMM32.DLL
0x00007ffdca020000 - 0x00007ffdca02c000 	C:\Program Files\Java\jdk-19\bin\vcruntime140_1.dll
0x00007ffd9ba20000 - 0x00007ffd9baae000 	C:\Program Files\Java\jdk-19\bin\msvcp140.dll
0x00007ffd89a00000 - 0x00007ffd8a6c0000 	C:\Program Files\Java\jdk-19\bin\server\jvm.dll
0x00007ffdcca90000 - 0x00007ffdcca99000 	C:\Windows\SYSTEM32\WSOCK32.dll
0x00007ffdcc940000 - 0x00007ffdcc973000 	C:\Windows\SYSTEM32\WINMM.dll
0x00007ffdd5c10000 - 0x00007ffdd5c7f000 	C:\Windows\System32\WS2_32.dll
0x00007ffdd2ac0000 - 0x00007ffdd2ad8000 	C:\Windows\SYSTEM32\kernel.appcore.dll
0x00007ffdc9980000 - 0x00007ffdc998a000 	C:\Program Files\Java\jdk-19\bin\jimage.dll
0x00007ffdd1530000 - 0x00007ffdd1751000 	C:\Windows\SYSTEM32\DBGHELP.DLL
0x00007ffdbfe20000 - 0x00007ffdbfe51000 	C:\Windows\SYSTEM32\dbgcore.DLL
0x00007ffdd3ff0000 - 0x00007ffdd406f000 	C:\Windows\System32\bcryptPrimitives.dll
0x00007ffdb7880000 - 0x00007ffdb78a6000 	C:\Program Files\Java\jdk-19\bin\java.dll

dbghelp: loaded successfully - version: 4.0.5 - missing functions: none
symbol engine: initialized successfully - sym options: 0x614 - pdb path: .;C:\Program Files\Java\jdk-19\bin;C:\Windows\SYSTEM32;C:\Windows\WinSxS\amd64_microsoft.windows.common-controls_6595b64144ccf1df_6.0.22000.120_none_9d947278b86cc467;C:\Program Files\Java\jdk-19\bin\server

VM Arguments:
java_command: com.mycompany.pointofsales.PointOfSales
java_class_path (initial): C:\Users\refah\OneDrive\Documents\GitHub\Point-Of-Sales\PointOfSales\target\classes;C:\Users\refah\.m2\repository\com\mysql\mysql-connector-j\8.0.33\mysql-connector-j-8.0.33.jar;C:\Users\refah\.m2\repository\com\google\protobuf\protobuf-java\3.21.9\protobuf-java-3.21.9.jar;C:\Users\refah\.m2\repository\org\netbeans\external\AbsoluteLayout\RELEASE160\AbsoluteLayout-RELEASE160.jar
Launcher Type: SUN_STANDARD

[Global flags]
     intx CICompilerCount                          = 4                                         {product} {ergonomic}
     uint ConcGCThreads                            = 2                                         {product} {ergonomic}
     uint G1ConcRefinementThreads                  = 8                                         {product} {ergonomic}
   size_t G1HeapRegionSize                         = 1048576                                   {product} {ergonomic}
    uintx GCDrainStackTargetSize                   = 64                                        {product} {ergonomic}
   size_t InitialHeapSize                          = 96468992                                  {product} {ergonomic}
   size_t MarkStackSize                            = 4194304                                   {product} {ergonomic}
   size_t MaxHeapSize                              = 1541406720                                {product} {ergonomic}
   size_t MinHeapDeltaBytes                        = 1048576                                   {product} {ergonomic}
   size_t MinHeapSize                              = 8388608                                   {product} {ergonomic}
    uintx NonNMethodCodeHeapSize                   = 5839372                                {pd product} {ergonomic}
    uintx NonProfiledCodeHeapSize                  = 122909434                              {pd product} {ergonomic}
    uintx ProfiledCodeHeapSize                     = 122909434                              {pd product} {ergonomic}
    uintx ReservedCodeCacheSize                    = 251658240                              {pd product} {ergonomic}
     bool SegmentedCodeCache                       = true                                      {product} {ergonomic}
   size_t SoftMaxHeapSize                          = 1541406720                             {manageable} {ergonomic}
     bool UseCompressedClassPointers               = true                           {product lp64_product} {ergonomic}
     bool UseCompressedOops                        = true                           {product lp64_product} {ergonomic}
     bool UseG1GC                                  = true                                      {product} {ergonomic}
     bool UseLargePagesIndividualAllocation        = false                                  {pd product} {ergonomic}

Logging:
Log output configuration:
 #0: stdout all=warning uptime,level,tags foldmultilines=false
 #1: stderr all=off uptime,level,tags foldmultilines=false

Environment Variables:
JAVA_HOME=C:\Program Files\Java\jdk-19
PATH=C:\Program Files\Python311\Scripts\;C:\Program Files\Python311\;C:\Program Files\Common Files\Oracle\Java\javapath;C:\Windows\system32;C:\Windows;C:\Windows\System32\Wbem;C:\Windows\System32\WindowsPowerShell\v1.0\;C:\Windows\System32\OpenSSH\;C:\Users\refah\AppData\Local\Microsoft\WindowsApps;C:\Users\refah\AppData\Local\Programs\Microsoft VS Code\bin;C:\Users\refah\AppData\Local\GitHubDesktop\bin
USERNAME=refah
OS=Windows_NT
PROCESSOR_IDENTIFIER=AMD64 Family 23 Model 160 Stepping 0, AuthenticAMD
TMP=C:\Users\refah\AppData\Local\Temp
TEMP=C:\Users\refah\AppData\Local\Temp



---------------  S Y S T E M  ---------------

OS:
 Windows 11 , 64 bit Build 22000 (10.0.22000.708)
OS uptime: 1 days 6:01 hours
Hyper-V role detected

CPU: total 8 (initial active 8) (8 cores per cpu, 2 threads per core) family 23 model 160 stepping 0 microcode 0x0, cx8, cmov, fxsr, ht, mmx, 3dnowpref, sse, sse2, sse3, ssse3, sse4a, sse4.1, sse4.2, popcnt, lzcnt, tsc, tscinvbit, avx, avx2, aes, clmul, bmi1, bmi2, adx, sha, fma, vzeroupper, clflush, clflushopt, hv, rdtscp, rdpid

Memory: 4k page, system-wide physical 5877M (451M free)
TotalPageFile size 14069M (AvailPageFile size 22M)
current process WorkingSet (physical memory assigned to process): 10M, peak: 10M
current process commit charge ("private bytes"): 60M, peak: 152M

vm_info: Java HotSpot(TM) 64-Bit Server VM (19.0.2+7-44) for windows-amd64 JRE (19.0.2+7-44), built on 2022-11-30T18:02:09Z by "mach5one" with MS VC++ 17.1 (VS2022)

END.
