#
# There is insufficient memory for the Java Runtime Environment to continue.
# Native memory allocation (mmap) failed to map 65536 bytes for Failed to commit metaspace.
# Possible reasons:
#   The system is out of physical RAM or swap space
#   The process is running with CompressedOops enabled, and the Java Heap may be blocking the growth of the native heap
# Possible solutions:
#   Reduce memory load on the system
#   Increase physical memory or swap space
#   Check if swap backing store is full
#   Decrease Java heap size (-Xmx/-Xms)
#   Decrease number of Java threads
#   Decrease Java thread stack sizes (-Xss)
#   Set larger code cache with -XX:ReservedCodeCacheSize=
#   JVM is running with Unscaled Compressed Oops mode in which the Java heap is
#     placed in the first 4GB address space. The Java Heap base address is the
#     maximum limit for the native heap growth. Please use -XX:HeapBaseMinAddress
#     to set the Java Heap base and to place the Java Heap above 4GB virtual address.
# This output file may be truncated or incomplete.
#
#  Out of Memory Error (virtualSpaceNode.cpp:110), pid=19436, tid=11996
#
# JRE version: Java(TM) SE Runtime Environment (19.0.2+7) (build 19.0.2+7-44)
# Java VM: Java HotSpot(TM) 64-Bit Server VM (19.0.2+7-44, mixed mode, sharing, tiered, compressed oops, compressed class ptrs, g1 gc, windows-amd64)
# No core dump will be written. Minidumps are not enabled by default on client versions of Windows
#

---------------  S U M M A R Y ------------

Command Line: com.mycompany.pointofsales.PointOfSales

Host: AMD Ryzen 3 7320U with Radeon Graphics         , 8 cores, 5G,  Windows 11 , 64 bit Build 22000 (10.0.22000.708)
Time: Fri Dec 15 01:33:51 2023 SE Asia Standard Time elapsed time: 0.058803 seconds (0d 0h 0m 0s)

---------------  T H R E A D  ---------------

Current thread (0x000001d945a4b8e0):  JavaThread "main" [_thread_in_vm, id=11996, stack(0x00000016da000000,0x00000016da100000)]

Stack: [0x00000016da000000,0x00000016da100000]
Native frames: (J=compiled Java code, j=interpreted, Vv=VM code, C=native code)
V  [jvm.dll+0x6ee21a]
V  [jvm.dll+0x85765e]
V  [jvm.dll+0x85904e]
V  [jvm.dll+0x859703]
V  [jvm.dll+0x28298f]
V  [jvm.dll+0x8532db]
V  [jvm.dll+0x692cb6]
V  [jvm.dll+0x692d1a]
V  [jvm.dll+0x695613]
V  [jvm.dll+0x6954de]
V  [jvm.dll+0x6936de]
V  [jvm.dll+0x26f546]
V  [jvm.dll+0x21ea57]
V  [jvm.dll+0x2146a1]
V  [jvm.dll+0x5a9cb6]
V  [jvm.dll+0x2257aa]
V  [jvm.dll+0x7cc802]
V  [jvm.dll+0x7cdc4a]
V  [jvm.dll+0x7ce3cd]
V  [jvm.dll+0x21f315]
V  [jvm.dll+0x2146ba]
V  [jvm.dll+0x5a9cb6]
V  [jvm.dll+0x2257aa]
V  [jvm.dll+0x7cc802]
V  [jvm.dll+0x7cdc4a]
V  [jvm.dll+0x4711b6]
C  [java.dll+0x1a55]

Java frames: (J=compiled Java code, j=interpreted, Vv=VM code)
j  java.lang.ClassLoader.findBootstrapClass(Ljava/lang/String;)Ljava/lang/Class;+0 java.base@19.0.2
j  java.lang.ClassLoader.findBootstrapClassOrNull(Ljava/lang/String;)Ljava/lang/Class;+10 java.base@19.0.2
j  java.lang.System$2.findBootstrapClassOrNull(Ljava/lang/String;)Ljava/lang/Class;+1 java.base@19.0.2
j  jdk.internal.loader.ClassLoaders$BootClassLoader.loadClassOrNull(Ljava/lang/String;Z)Ljava/lang/Class;+4 java.base@19.0.2
j  jdk.internal.loader.BuiltinClassLoader.loadClassOrNull(Ljava/lang/String;)Ljava/lang/Class;+3 java.base@19.0.2
j  jdk.internal.loader.BuiltinClassLoader.loadClassOrNull(Ljava/lang/String;Z)Ljava/lang/Class;+66 java.base@19.0.2
j  jdk.internal.loader.BuiltinClassLoader.loadClass(Ljava/lang/String;Z)Ljava/lang/Class;+3 java.base@19.0.2
j  jdk.internal.loader.ClassLoaders$AppClassLoader.loadClass(Ljava/lang/String;Z)Ljava/lang/Class;+36 java.base@19.0.2
j  java.lang.ClassLoader.loadClass(Ljava/lang/String;)Ljava/lang/Class;+3 java.base@19.0.2
v  ~StubRoutines::call_stub 0x000001d9566c100e
j  com.mycompany.pointofsales.PointOfSales.main([Ljava/lang/String;)V+8
v  ~StubRoutines::call_stub 0x000001d9566c100e

---------------  P R O C E S S  ---------------

Threads class SMR info:
_java_thread_list=0x000001d9690b4bf0, length=12, elements={
0x000001d945a4b8e0, 0x000001d964cf47b0, 0x000001d964cf5480, 0x000001d964cfd220,
0x000001d964cfdb50, 0x000001d964cfe620, 0x000001d964d04490, 0x000001d964d07180,
0x000001d964d08b00, 0x000001d964d09c10, 0x000001d9690a7630, 0x000001d9690b2470
}

Java Threads: ( => current thread )
=>0x000001d945a4b8e0 JavaThread "main" [_thread_in_vm, id=11996, stack(0x00000016da000000,0x00000016da100000)]
  0x000001d964cf47b0 JavaThread "Reference Handler" daemon [_thread_blocked, id=19740, stack(0x00000016da700000,0x00000016da800000)]
  0x000001d964cf5480 JavaThread "Finalizer" daemon [_thread_blocked, id=6484, stack(0x00000016da800000,0x00000016da900000)]
  0x000001d964cfd220 JavaThread "Signal Dispatcher" daemon [_thread_blocked, id=18588, stack(0x00000016da900000,0x00000016daa00000)]
  0x000001d964cfdb50 JavaThread "Attach Listener" daemon [_thread_blocked, id=20860, stack(0x00000016daa00000,0x00000016dab00000)]
  0x000001d964cfe620 JavaThread "Service Thread" daemon [_thread_blocked, id=23268, stack(0x00000016dab00000,0x00000016dac00000)]
  0x000001d964d04490 JavaThread "Monitor Deflation Thread" daemon [_thread_blocked, id=25888, stack(0x00000016dac00000,0x00000016dad00000)]
  0x000001d964d07180 JavaThread "C2 CompilerThread0" daemon [_thread_blocked, id=9684, stack(0x00000016dad00000,0x00000016dae00000)]
  0x000001d964d08b00 JavaThread "C1 CompilerThread0" daemon [_thread_blocked, id=15912, stack(0x00000016dae00000,0x00000016daf00000)]
  0x000001d964d09c10 JavaThread "Sweeper thread" daemon [_thread_blocked, id=12180, stack(0x00000016daf00000,0x00000016db000000)]
  0x000001d9690a7630 JavaThread "Notification Thread" daemon [_thread_blocked, id=16284, stack(0x00000016db000000,0x00000016db100000)]
  0x000001d9690b2470 JavaThread "Common-Cleaner" daemon [_thread_blocked, id=17968, stack(0x00000016db200000,0x00000016db300000)]

Other Threads:
  0x000001d964cda200 VMThread "VM Thread" [stack: 0x00000016da600000,0x00000016da700000] [id=24132]
  0x000001d9690b07c0 WatcherThread "VM Periodic Task Thread" [stack: 0x00000016db100000,0x00000016db200000] [id=17124]
  0x000001d945a9bf70 WorkerThread "GC Thread#0" [stack: 0x00000016da100000,0x00000016da200000] [id=9788]
  0x000001d945aa8690 ConcurrentGCThread "G1 Main Marker" [stack: 0x00000016da200000,0x00000016da300000] [id=15264]
  0x000001d945aa93c0 WorkerThread "G1 Conc#0" [stack: 0x00000016da300000,0x00000016da400000] [id=23112]
  0x000001d945b16600 ConcurrentGCThread "G1 Refine#0" [stack: 0x00000016da400000,0x00000016da500000] [id=10392]
  0x000001d964ba15a0 ConcurrentGCThread "G1 Service" [stack: 0x00000016da500000,0x00000016da600000] [id=23136]

Threads with active compile tasks:

VM state: not at safepoint (normal execution)

VM Mutex/Monitor currently owned by a thread:  ([mutex/lock_event])
[0x000001d945a45d30] Metaspace_lock - owner thread: 0x000001d945a4b8e0

Heap address: 0x00000000a4200000, size: 1470 MB, Compressed Oops mode: 32-bit

CDS archive(s) mapped at: [0x0000000800000000-0x0000000800c40000-0x0000000800c40000), size 12845056, SharedBaseAddress: 0x0000000800000000, ArchiveRelocationMode: 0.
Compressed class space mapped at: 0x0000000801000000-0x0000000841000000, reserved size: 1073741824
Narrow klass base: 0x0000000800000000, Narrow klass shift: 0, Narrow klass range: 0x100000000

GC Precious Log:
 CardTable entry size: 512
 Card Set container configuration: InlinePtr #cards 5 size 8 Array Of Cards #cards 12 size 40 Howl #buckets 4 coarsen threshold 1843 Howl Bitmap #cards 512 size 80 coarsen threshold 460 Card regions per heap region 1 cards per card region 2048
 CPUs: 8 total, 8 available
 Memory: 5877M
 Large Page Support: Disabled
 NUMA Support: Disabled
 Compressed Oops: Enabled (32-bit)
 Heap Region Size: 1M
 Heap Min Capacity: 8M
 Heap Initial Capacity: 92M
 Heap Max Capacity: 1470M
 Pre-touch: Disabled
 Parallel Workers: 8
 Concurrent Workers: 2
 Concurrent Refinement Workers: 8
 Periodic GC: Disabled

Heap:
 garbage-first heap   total 94208K, used 1024K [0x00000000a4200000, 0x0000000100000000)
  region size 1024K, 2 young (2048K), 0 survivors (0K)
 Metaspace       used 717K, committed 832K, reserved 1114112K
  class space    used 65K, committed 128K, reserved 1048576K

Heap Regions: E=young(eden), S=young(survivor), O=old, HS=humongous(starts), HC=humongous(continues), CS=collection set, F=free, OA=open archive, CA=closed archive, TAMS=top-at-mark-start (previous, next)
|   0|0x00000000a4200000, 0x00000000a4200000, 0x00000000a4300000|  0%| F|  |TAMS 0x00000000a4200000, 0x00000000a4200000| Untracked 
|   1|0x00000000a4300000, 0x00000000a4300000, 0x00000000a4400000|  0%| F|  |TAMS 0x00000000a4300000, 0x00000000a4300000| Untracked 
|   2|0x00000000a4400000, 0x00000000a4400000, 0x00000000a4500000|  0%| F|  |TAMS 0x00000000a4400000, 0x00000000a4400000| Untracked 
|   3|0x00000000a4500000, 0x00000000a4500000, 0x00000000a4600000|  0%| F|  |TAMS 0x00000000a4500000, 0x00000000a4500000| Untracked 
|   4|0x00000000a4600000, 0x00000000a4600000, 0x00000000a4700000|  0%| F|  |TAMS 0x00000000a4600000, 0x00000000a4600000| Untracked 
|   5|0x00000000a4700000, 0x00000000a4700000, 0x00000000a4800000|  0%| F|  |TAMS 0x00000000a4700000, 0x00000000a4700000| Untracked 
|   6|0x00000000a4800000, 0x00000000a4800000, 0x00000000a4900000|  0%| F|  |TAMS 0x00000000a4800000, 0x00000000a4800000| Untracked 
|   7|0x00000000a4900000, 0x00000000a4900000, 0x00000000a4a00000|  0%| F|  |TAMS 0x00000000a4900000, 0x00000000a4900000| Untracked 
|   8|0x00000000a4a00000, 0x00000000a4a00000, 0x00000000a4b00000|  0%| F|  |TAMS 0x00000000a4a00000, 0x00000000a4a00000| Untracked 
|   9|0x00000000a4b00000, 0x00000000a4b00000, 0x00000000a4c00000|  0%| F|  |TAMS 0x00000000a4b00000, 0x00000000a4b00000| Untracked 
|  10|0x00000000a4c00000, 0x00000000a4c00000, 0x00000000a4d00000|  0%| F|  |TAMS 0x00000000a4c00000, 0x00000000a4c00000| Untracked 
|  11|0x00000000a4d00000, 0x00000000a4d00000, 0x00000000a4e00000|  0%| F|  |TAMS 0x00000000a4d00000, 0x00000000a4d00000| Untracked 
|  12|0x00000000a4e00000, 0x00000000a4e00000, 0x00000000a4f00000|  0%| F|  |TAMS 0x00000000a4e00000, 0x00000000a4e00000| Untracked 
|  13|0x00000000a4f00000, 0x00000000a4f00000, 0x00000000a5000000|  0%| F|  |TAMS 0x00000000a4f00000, 0x00000000a4f00000| Untracked 
|  14|0x00000000a5000000, 0x00000000a5000000, 0x00000000a5100000|  0%| F|  |TAMS 0x00000000a5000000, 0x00000000a5000000| Untracked 
|  15|0x00000000a5100000, 0x00000000a5100000, 0x00000000a5200000|  0%| F|  |TAMS 0x00000000a5100000, 0x00000000a5100000| Untracked 
|  16|0x00000000a5200000, 0x00000000a5200000, 0x00000000a5300000|  0%| F|  |TAMS 0x00000000a5200000, 0x00000000a5200000| Untracked 
|  17|0x00000000a5300000, 0x00000000a5300000, 0x00000000a5400000|  0%| F|  |TAMS 0x00000000a5300000, 0x00000000a5300000| Untracked 
|  18|0x00000000a5400000, 0x00000000a5400000, 0x00000000a5500000|  0%| F|  |TAMS 0x00000000a5400000, 0x00000000a5400000| Untracked 
|  19|0x00000000a5500000, 0x00000000a5500000, 0x00000000a5600000|  0%| F|  |TAMS 0x00000000a5500000, 0x00000000a5500000| Untracked 
|  20|0x00000000a5600000, 0x00000000a5600000, 0x00000000a5700000|  0%| F|  |TAMS 0x00000000a5600000, 0x00000000a5600000| Untracked 
|  21|0x00000000a5700000, 0x00000000a5700000, 0x00000000a5800000|  0%| F|  |TAMS 0x00000000a5700000, 0x00000000a5700000| Untracked 
|  22|0x00000000a5800000, 0x00000000a5800000, 0x00000000a5900000|  0%| F|  |TAMS 0x00000000a5800000, 0x00000000a5800000| Untracked 
|  23|0x00000000a5900000, 0x00000000a5900000, 0x00000000a5a00000|  0%| F|  |TAMS 0x00000000a5900000, 0x00000000a5900000| Untracked 
|  24|0x00000000a5a00000, 0x00000000a5a00000, 0x00000000a5b00000|  0%| F|  |TAMS 0x00000000a5a00000, 0x00000000a5a00000| Untracked 
|  25|0x00000000a5b00000, 0x00000000a5b00000, 0x00000000a5c00000|  0%| F|  |TAMS 0x00000000a5b00000, 0x00000000a5b00000| Untracked 
|  26|0x00000000a5c00000, 0x00000000a5c00000, 0x00000000a5d00000|  0%| F|  |TAMS 0x00000000a5c00000, 0x00000000a5c00000| Untracked 
|  27|0x00000000a5d00000, 0x00000000a5d00000, 0x00000000a5e00000|  0%| F|  |TAMS 0x00000000a5d00000, 0x00000000a5d00000| Untracked 
|  28|0x00000000a5e00000, 0x00000000a5e00000, 0x00000000a5f00000|  0%| F|  |TAMS 0x00000000a5e00000, 0x00000000a5e00000| Untracked 
|  29|0x00000000a5f00000, 0x00000000a5f00000, 0x00000000a6000000|  0%| F|  |TAMS 0x00000000a5f00000, 0x00000000a5f00000| Untracked 
|  30|0x00000000a6000000, 0x00000000a6000000, 0x00000000a6100000|  0%| F|  |TAMS 0x00000000a6000000, 0x00000000a6000000| Untracked 
|  31|0x00000000a6100000, 0x00000000a6100000, 0x00000000a6200000|  0%| F|  |TAMS 0x00000000a6100000, 0x00000000a6100000| Untracked 
|  32|0x00000000a6200000, 0x00000000a6200000, 0x00000000a6300000|  0%| F|  |TAMS 0x00000000a6200000, 0x00000000a6200000| Untracked 
|  33|0x00000000a6300000, 0x00000000a6300000, 0x00000000a6400000|  0%| F|  |TAMS 0x00000000a6300000, 0x00000000a6300000| Untracked 
|  34|0x00000000a6400000, 0x00000000a6400000, 0x00000000a6500000|  0%| F|  |TAMS 0x00000000a6400000, 0x00000000a6400000| Untracked 
|  35|0x00000000a6500000, 0x00000000a6500000, 0x00000000a6600000|  0%| F|  |TAMS 0x00000000a6500000, 0x00000000a6500000| Untracked 
|  36|0x00000000a6600000, 0x00000000a6600000, 0x00000000a6700000|  0%| F|  |TAMS 0x00000000a6600000, 0x00000000a6600000| Untracked 
|  37|0x00000000a6700000, 0x00000000a6700000, 0x00000000a6800000|  0%| F|  |TAMS 0x00000000a6700000, 0x00000000a6700000| Untracked 
|  38|0x00000000a6800000, 0x00000000a6800000, 0x00000000a6900000|  0%| F|  |TAMS 0x00000000a6800000, 0x00000000a6800000| Untracked 
|  39|0x00000000a6900000, 0x00000000a6900000, 0x00000000a6a00000|  0%| F|  |TAMS 0x00000000a6900000, 0x00000000a6900000| Untracked 
|  40|0x00000000a6a00000, 0x00000000a6a00000, 0x00000000a6b00000|  0%| F|  |TAMS 0x00000000a6a00000, 0x00000000a6a00000| Untracked 
|  41|0x00000000a6b00000, 0x00000000a6b00000, 0x00000000a6c00000|  0%| F|  |TAMS 0x00000000a6b00000, 0x00000000a6b00000| Untracked 
|  42|0x00000000a6c00000, 0x00000000a6c00000, 0x00000000a6d00000|  0%| F|  |TAMS 0x00000000a6c00000, 0x00000000a6c00000| Untracked 
|  43|0x00000000a6d00000, 0x00000000a6d00000, 0x00000000a6e00000|  0%| F|  |TAMS 0x00000000a6d00000, 0x00000000a6d00000| Untracked 
|  44|0x00000000a6e00000, 0x00000000a6e00000, 0x00000000a6f00000|  0%| F|  |TAMS 0x00000000a6e00000, 0x00000000a6e00000| Untracked 
|  45|0x00000000a6f00000, 0x00000000a6f00000, 0x00000000a7000000|  0%| F|  |TAMS 0x00000000a6f00000, 0x00000000a6f00000| Untracked 
|  46|0x00000000a7000000, 0x00000000a7000000, 0x00000000a7100000|  0%| F|  |TAMS 0x00000000a7000000, 0x00000000a7000000| Untracked 
|  47|0x00000000a7100000, 0x00000000a7100000, 0x00000000a7200000|  0%| F|  |TAMS 0x00000000a7100000, 0x00000000a7100000| Untracked 
|  48|0x00000000a7200000, 0x00000000a7200000, 0x00000000a7300000|  0%| F|  |TAMS 0x00000000a7200000, 0x00000000a7200000| Untracked 
|  49|0x00000000a7300000, 0x00000000a7300000, 0x00000000a7400000|  0%| F|  |TAMS 0x00000000a7300000, 0x00000000a7300000| Untracked 
|  50|0x00000000a7400000, 0x00000000a7400000, 0x00000000a7500000|  0%| F|  |TAMS 0x00000000a7400000, 0x00000000a7400000| Untracked 
|  51|0x00000000a7500000, 0x00000000a7500000, 0x00000000a7600000|  0%| F|  |TAMS 0x00000000a7500000, 0x00000000a7500000| Untracked 
|  52|0x00000000a7600000, 0x00000000a7600000, 0x00000000a7700000|  0%| F|  |TAMS 0x00000000a7600000, 0x00000000a7600000| Untracked 
|  53|0x00000000a7700000, 0x00000000a7700000, 0x00000000a7800000|  0%| F|  |TAMS 0x00000000a7700000, 0x00000000a7700000| Untracked 
|  54|0x00000000a7800000, 0x00000000a7800000, 0x00000000a7900000|  0%| F|  |TAMS 0x00000000a7800000, 0x00000000a7800000| Untracked 
|  55|0x00000000a7900000, 0x00000000a7900000, 0x00000000a7a00000|  0%| F|  |TAMS 0x00000000a7900000, 0x00000000a7900000| Untracked 
|  56|0x00000000a7a00000, 0x00000000a7a00000, 0x00000000a7b00000|  0%| F|  |TAMS 0x00000000a7a00000, 0x00000000a7a00000| Untracked 
|  57|0x00000000a7b00000, 0x00000000a7b00000, 0x00000000a7c00000|  0%| F|  |TAMS 0x00000000a7b00000, 0x00000000a7b00000| Untracked 
|  58|0x00000000a7c00000, 0x00000000a7c00000, 0x00000000a7d00000|  0%| F|  |TAMS 0x00000000a7c00000, 0x00000000a7c00000| Untracked 
|  59|0x00000000a7d00000, 0x00000000a7d00000, 0x00000000a7e00000|  0%| F|  |TAMS 0x00000000a7d00000, 0x00000000a7d00000| Untracked 
|  60|0x00000000a7e00000, 0x00000000a7e00000, 0x00000000a7f00000|  0%| F|  |TAMS 0x00000000a7e00000, 0x00000000a7e00000| Untracked 
|  61|0x00000000a7f00000, 0x00000000a7f00000, 0x00000000a8000000|  0%| F|  |TAMS 0x00000000a7f00000, 0x00000000a7f00000| Untracked 
|  62|0x00000000a8000000, 0x00000000a8000000, 0x00000000a8100000|  0%| F|  |TAMS 0x00000000a8000000, 0x00000000a8000000| Untracked 
|  63|0x00000000a8100000, 0x00000000a8100000, 0x00000000a8200000|  0%| F|  |TAMS 0x00000000a8100000, 0x00000000a8100000| Untracked 
|  64|0x00000000a8200000, 0x00000000a8200000, 0x00000000a8300000|  0%| F|  |TAMS 0x00000000a8200000, 0x00000000a8200000| Untracked 
|  65|0x00000000a8300000, 0x00000000a8300000, 0x00000000a8400000|  0%| F|  |TAMS 0x00000000a8300000, 0x00000000a8300000| Untracked 
|  66|0x00000000a8400000, 0x00000000a8400000, 0x00000000a8500000|  0%| F|  |TAMS 0x00000000a8400000, 0x00000000a8400000| Untracked 
|  67|0x00000000a8500000, 0x00000000a8500000, 0x00000000a8600000|  0%| F|  |TAMS 0x00000000a8500000, 0x00000000a8500000| Untracked 
|  68|0x00000000a8600000, 0x00000000a8600000, 0x00000000a8700000|  0%| F|  |TAMS 0x00000000a8600000, 0x00000000a8600000| Untracked 
|  69|0x00000000a8700000, 0x00000000a8700000, 0x00000000a8800000|  0%| F|  |TAMS 0x00000000a8700000, 0x00000000a8700000| Untracked 
|  70|0x00000000a8800000, 0x00000000a8800000, 0x00000000a8900000|  0%| F|  |TAMS 0x00000000a8800000, 0x00000000a8800000| Untracked 
|  71|0x00000000a8900000, 0x00000000a8900000, 0x00000000a8a00000|  0%| F|  |TAMS 0x00000000a8900000, 0x00000000a8900000| Untracked 
|  72|0x00000000a8a00000, 0x00000000a8a00000, 0x00000000a8b00000|  0%| F|  |TAMS 0x00000000a8a00000, 0x00000000a8a00000| Untracked 
|  73|0x00000000a8b00000, 0x00000000a8b00000, 0x00000000a8c00000|  0%| F|  |TAMS 0x00000000a8b00000, 0x00000000a8b00000| Untracked 
|  74|0x00000000a8c00000, 0x00000000a8c00000, 0x00000000a8d00000|  0%| F|  |TAMS 0x00000000a8c00000, 0x00000000a8c00000| Untracked 
|  75|0x00000000a8d00000, 0x00000000a8d00000, 0x00000000a8e00000|  0%| F|  |TAMS 0x00000000a8d00000, 0x00000000a8d00000| Untracked 
|  76|0x00000000a8e00000, 0x00000000a8e00000, 0x00000000a8f00000|  0%| F|  |TAMS 0x00000000a8e00000, 0x00000000a8e00000| Untracked 
|  77|0x00000000a8f00000, 0x00000000a8f00000, 0x00000000a9000000|  0%| F|  |TAMS 0x00000000a8f00000, 0x00000000a8f00000| Untracked 
|  78|0x00000000a9000000, 0x00000000a9000000, 0x00000000a9100000|  0%| F|  |TAMS 0x00000000a9000000, 0x00000000a9000000| Untracked 
|  79|0x00000000a9100000, 0x00000000a9100000, 0x00000000a9200000|  0%| F|  |TAMS 0x00000000a9100000, 0x00000000a9100000| Untracked 
|  80|0x00000000a9200000, 0x00000000a9200000, 0x00000000a9300000|  0%| F|  |TAMS 0x00000000a9200000, 0x00000000a9200000| Untracked 
|  81|0x00000000a9300000, 0x00000000a9300000, 0x00000000a9400000|  0%| F|  |TAMS 0x00000000a9300000, 0x00000000a9300000| Untracked 
|  82|0x00000000a9400000, 0x00000000a9400000, 0x00000000a9500000|  0%| F|  |TAMS 0x00000000a9400000, 0x00000000a9400000| Untracked 
|  83|0x00000000a9500000, 0x00000000a9500000, 0x00000000a9600000|  0%| F|  |TAMS 0x00000000a9500000, 0x00000000a9500000| Untracked 
|  84|0x00000000a9600000, 0x00000000a9600000, 0x00000000a9700000|  0%| F|  |TAMS 0x00000000a9600000, 0x00000000a9600000| Untracked 
|  85|0x00000000a9700000, 0x00000000a9700000, 0x00000000a9800000|  0%| F|  |TAMS 0x00000000a9700000, 0x00000000a9700000| Untracked 
|  86|0x00000000a9800000, 0x00000000a9800000, 0x00000000a9900000|  0%| F|  |TAMS 0x00000000a9800000, 0x00000000a9800000| Untracked 
|  87|0x00000000a9900000, 0x00000000a9900000, 0x00000000a9a00000|  0%| F|  |TAMS 0x00000000a9900000, 0x00000000a9900000| Untracked 
|  88|0x00000000a9a00000, 0x00000000a9a00000, 0x00000000a9b00000|  0%| F|  |TAMS 0x00000000a9a00000, 0x00000000a9a00000| Untracked 
|  89|0x00000000a9b00000, 0x00000000a9b00000, 0x00000000a9c00000|  0%| F|  |TAMS 0x00000000a9b00000, 0x00000000a9b00000| Untracked 
|  90|0x00000000a9c00000, 0x00000000a9cec128, 0x00000000a9d00000| 92%| E|  |TAMS 0x00000000a9c00000, 0x00000000a9c00000| Complete 
|  91|0x00000000a9d00000, 0x00000000a9e00000, 0x00000000a9e00000|100%| E|CS|TAMS 0x00000000a9d00000, 0x00000000a9d00000| Complete 

Card table byte_map: [0x000001d95eee0000,0x000001d95f1c0000] _byte_map_base: 0x000001d95e9bf000

Marking Bits (Prev, Next): (CMBitMap*) 0x000001d945a9c5a0, (CMBitMap*) 0x000001d945a9c5e0
 Prev Bits: [0x000001d95f4a0000, 0x000001d960b98000)
 Next Bits: [0x000001d960ba0000, 0x000001d962298000)

Polling page: 0x000001d945b20000

Metaspace:

Usage:
  Non-class:    652.68 KB used.
      Class:     65.14 KB used.
       Both:    717.82 KB used.

Virtual space:
  Non-class space:       64.00 MB reserved,     704.00 KB (  1%) committed,  1 nodes.
      Class space:        1.00 GB reserved,     128.00 KB ( <1%) committed,  1 nodes.
             Both:        1.06 GB reserved,     832.00 KB ( <1%) committed. 

Chunk freelists:
   Non-Class:  3.98 MB
       Class:  3.74 MB
        Both:  7.72 MB

MaxMetaspaceSize: unlimited
CompressedClassSpaceSize: 1.00 GB
Initial GC threshold: 21.00 MB
Current GC threshold: 21.00 MB
CDS: on
MetaspaceReclaimPolicy: balanced
 - commit_granule_bytes: 65536.
 - commit_granule_words: 8192.
 - virtual_space_node_default_size: 8388608.
 - enlarge_chunks_in_place: 1.
 - new_chunks_are_fully_committed: 0.
 - uncommit_free_chunks: 1.
 - use_allocation_guard: 0.


Internal statistics:

num_allocs_failed_limit: 0.
num_arena_births: 6.
num_arena_deaths: 0.
num_vsnodes_births: 2.
num_vsnodes_deaths: 0.
num_space_committed: 13.
num_space_uncommitted: 0.
num_chunks_returned_to_freelist: 0.
num_chunks_taken_from_freelist: 11.
num_chunk_merges: 0.
num_chunk_splits: 4.
num_chunks_enlarged: 0.
num_inconsistent_stats: 0.

CodeHeap 'non-profiled nmethods': size=120000Kb used=13Kb max_used=13Kb free=119986Kb
 bounds [0x000001d956c60000, 0x000001d956ed0000, 0x000001d95e190000]
CodeHeap 'profiled nmethods': size=120000Kb used=89Kb max_used=89Kb free=119910Kb
 bounds [0x000001d94f190000, 0x000001d94f400000, 0x000001d9566c0000]
CodeHeap 'non-nmethods': size=5760Kb used=1139Kb max_used=1139Kb free=4620Kb
 bounds [0x000001d9566c0000, 0x000001d956930000, 0x000001d956c60000]
 total_blobs=386 nmethods=70 adapters=227
 compilation: enabled
              stopped_count=0, restarted_count=0
 full_count=0

Compilation events (20 events):
Event: 0.043 Thread 0x000001d964d08b00   61       3       java.lang.String::isLatin1 (19 bytes)
Event: 0.044 Thread 0x000001d964d08b00 nmethod 61 0x000001d94f1a3790 code [0x000001d94f1a3920, 0x000001d94f1a3a98]
Event: 0.044 Thread 0x000001d964d08b00   62       3       java.lang.AbstractStringBuilder::ensureCapacityInternal (39 bytes)
Event: 0.044 Thread 0x000001d964d08b00 nmethod 62 0x000001d94f1a3b10 code [0x000001d94f1a3cc0, 0x000001d94f1a3ef8]
Event: 0.044 Thread 0x000001d964d08b00   63       3       java.lang.StringLatin1::canEncode (13 bytes)
Event: 0.044 Thread 0x000001d964d08b00 nmethod 63 0x000001d94f1a4010 code [0x000001d94f1a41a0, 0x000001d94f1a42f8]
Event: 0.044 Thread 0x000001d964d08b00   64       3       java.lang.String::isEmpty (14 bytes)
Event: 0.044 Thread 0x000001d964d08b00 nmethod 64 0x000001d94f1a4390 code [0x000001d94f1a4520, 0x000001d94f1a4698]
Event: 0.047 Thread 0x000001d964d08b00   65       3       java.lang.StringLatin1::indexOfChar (33 bytes)
Event: 0.047 Thread 0x000001d964d08b00 nmethod 65 0x000001d94f1a4790 code [0x000001d94f1a4940, 0x000001d94f1a4b78]
Event: 0.047 Thread 0x000001d964d08b00   66       3       java.lang.AbstractStringBuilder::isLatin1 (19 bytes)
Event: 0.047 Thread 0x000001d964d08b00 nmethod 66 0x000001d94f1a4c90 code [0x000001d94f1a4e20, 0x000001d94f1a4f98]
Event: 0.047 Thread 0x000001d964d08b00   67       3       java.lang.Math::min (11 bytes)
Event: 0.047 Thread 0x000001d964d08b00 nmethod 67 0x000001d94f1a5010 code [0x000001d94f1a51a0, 0x000001d94f1a52d8]
Event: 0.050 Thread 0x000001d964d08b00   68       3       java.lang.String::indexOf (29 bytes)
Event: 0.050 Thread 0x000001d964d08b00 nmethod 68 0x000001d94f1a5390 code [0x000001d94f1a5560, 0x000001d94f1a57f8]
Event: 0.050 Thread 0x000001d964d08b00   69       3       java.lang.StringLatin1::indexOf (36 bytes)
Event: 0.050 Thread 0x000001d964d08b00 nmethod 69 0x000001d94f1a5910 code [0x000001d94f1a5ae0, 0x000001d94f1a5f18]
Event: 0.055 Thread 0x000001d964d08b00   70       3       java.lang.String::indexOf (7 bytes)
Event: 0.055 Thread 0x000001d964d08b00 nmethod 70 0x000001d94f1a6090 code [0x000001d94f1a6260, 0x000001d94f1a6578]

GC Heap History (0 events):
No events

Dll operation events (3 events):
Event: 0.006 Loaded shared library C:\Program Files\Java\jdk-19\bin\java.dll
Event: 0.014 Loaded shared library C:\Program Files\Java\jdk-19\bin\jsvml.dll
Event: 0.048 Loaded shared library C:\Program Files\Java\jdk-19\bin\jimage.dll

Deoptimization events (0 events):
No events

Classes loaded (20 events):
Event: 0.054 Loading class javax/swing/SwingConstants done
Event: 0.054 Loading class javax/swing/JComponent
Event: 0.054 Loading class javax/swing/JComponent done
Event: 0.054 Loading class javax/swing/JLabel done
Event: 0.054 Loading class javax/swing/JPanel
Event: 0.055 Loading class javax/swing/JPanel done
Event: 0.055 Loading class javax/swing/JSeparator
Event: 0.055 Loading class javax/swing/JSeparator done
Event: 0.055 Loading class java/awt/event/ActionListener
Event: 0.055 Loading class java/util/EventListener
Event: 0.055 Loading class java/util/EventListener done
Event: 0.055 Loading class java/awt/event/ActionListener done
Event: 0.055 Loading class javax/swing/JTextField
Event: 0.055 Loading class javax/swing/text/JTextComponent
Event: 0.055 Loading class javax/swing/Scrollable
Event: 0.055 Loading class javax/swing/Scrollable done
Event: 0.056 Loading class javax/swing/text/JTextComponent done
Event: 0.056 Loading class javax/swing/JTextField done
Event: 0.056 Loading class javax/swing/JButton
Event: 0.056 Loading class javax/swing/AbstractButton

Classes unloaded (0 events):
No events

Classes redefined (0 events):
No events

Internal exceptions (0 events):
No events

VM Operations (0 events):
No events

Events (12 events):
Event: 0.014 Thread 0x000001d945a4b8e0 Thread added: 0x000001d945a4b8e0
Event: 0.026 Thread 0x000001d964cf47b0 Thread added: 0x000001d964cf47b0
Event: 0.026 Thread 0x000001d964cf5480 Thread added: 0x000001d964cf5480
Event: 0.026 Thread 0x000001d964cfd220 Thread added: 0x000001d964cfd220
Event: 0.026 Thread 0x000001d964cfdb50 Thread added: 0x000001d964cfdb50
Event: 0.027 Thread 0x000001d964cfe620 Thread added: 0x000001d964cfe620
Event: 0.027 Thread 0x000001d964d04490 Thread added: 0x000001d964d04490
Event: 0.027 Thread 0x000001d964d07180 Thread added: 0x000001d964d07180
Event: 0.027 Thread 0x000001d964d08b00 Thread added: 0x000001d964d08b00
Event: 0.027 Thread 0x000001d964d09c10 Thread added: 0x000001d964d09c10
Event: 0.042 Thread 0x000001d9690a7630 Thread added: 0x000001d9690a7630
Event: 0.045 Thread 0x000001d9690b2470 Thread added: 0x000001d9690b2470


Dynamic libraries:
0x00007ff724560000 - 0x00007ff724570000 	C:\Program Files\Java\jdk-19\bin\java.exe
0x00007ffdd64a0000 - 0x00007ffdd66a9000 	C:\Windows\SYSTEM32\ntdll.dll
0x00007ffdd59f0000 - 0x00007ffdd5aad000 	C:\Windows\System32\KERNEL32.DLL
0x00007ffdd3a20000 - 0x00007ffdd3d9d000 	C:\Windows\System32\KERNELBASE.dll
0x00007ffdd3e60000 - 0x00007ffdd3f71000 	C:\Windows\System32\ucrtbase.dll
0x00007ffdcf160000 - 0x00007ffdcf178000 	C:\Program Files\Java\jdk-19\bin\jli.dll
0x00007ffdcafd0000 - 0x00007ffdcafeb000 	C:\Program Files\Java\jdk-19\bin\VCRUNTIME140.dll
0x00007ffdd5590000 - 0x00007ffdd563e000 	C:\Windows\System32\ADVAPI32.dll
0x00007ffdd54e0000 - 0x00007ffdd5583000 	C:\Windows\System32\msvcrt.dll
0x00007ffdd5440000 - 0x00007ffdd54de000 	C:\Windows\System32\sechost.dll
0x00007ffdd4ce0000 - 0x00007ffdd4e00000 	C:\Windows\System32\RPCRT4.dll
0x00007ffdd5260000 - 0x00007ffdd540d000 	C:\Windows\System32\USER32.dll
0x00007ffdd4070000 - 0x00007ffdd4096000 	C:\Windows\System32\win32u.dll
0x00007ffdbb530000 - 0x00007ffdbb7d5000 	C:\Windows\WinSxS\amd64_microsoft.windows.common-controls_6595b64144ccf1df_6.0.22000.120_none_9d947278b86cc467\COMCTL32.dll
0x00007ffdd5820000 - 0x00007ffdd5849000 	C:\Windows\System32\GDI32.dll
0x00007ffdd40a0000 - 0x00007ffdd41b8000 	C:\Windows\System32\gdi32full.dll
0x00007ffdd3980000 - 0x00007ffdd3a1d000 	C:\Windows\System32\msvcp_win.dll
0x00007ffdca990000 - 0x00007ffdca99a000 	C:\Windows\SYSTEM32\VERSION.dll
0x00007ffdd5bd0000 - 0x00007ffdd5c01000 	C:\Windows\System32\IMM32.DLL
0x00007ffdca020000 - 0x00007ffdca02c000 	C:\Program Files\Java\jdk-19\bin\vcruntime140_1.dll
0x00007ffd9ba20000 - 0x00007ffd9baae000 	C:\Program Files\Java\jdk-19\bin\msvcp140.dll
0x00007ffd89a00000 - 0x00007ffd8a6c0000 	C:\Program Files\Java\jdk-19\bin\server\jvm.dll
0x00007ffdcc940000 - 0x00007ffdcc973000 	C:\Windows\SYSTEM32\WINMM.dll
0x00007ffdcca90000 - 0x00007ffdcca99000 	C:\Windows\SYSTEM32\WSOCK32.dll
0x00007ffdd5c10000 - 0x00007ffdd5c7f000 	C:\Windows\System32\WS2_32.dll
0x00007ffdd2ac0000 - 0x00007ffdd2ad8000 	C:\Windows\SYSTEM32\kernel.appcore.dll
0x00007ffdc9980000 - 0x00007ffdc998a000 	C:\Program Files\Java\jdk-19\bin\jimage.dll
0x00007ffdd1530000 - 0x00007ffdd1751000 	C:\Windows\SYSTEM32\DBGHELP.DLL
0x00007ffdbfe20000 - 0x00007ffdbfe51000 	C:\Windows\SYSTEM32\dbgcore.DLL
0x00007ffdd3ff0000 - 0x00007ffdd406f000 	C:\Windows\System32\bcryptPrimitives.dll
0x00007ffdb7880000 - 0x00007ffdb78a6000 	C:\Program Files\Java\jdk-19\bin\java.dll
0x00007ffd9df50000 - 0x00007ffd9e027000 	C:\Program Files\Java\jdk-19\bin\jsvml.dll
0x00007ffdd4330000 - 0x00007ffdd4ae8000 	C:\Windows\System32\SHELL32.dll
0x00007ffdd1ab0000 - 0x00007ffdd2318000 	C:\Windows\SYSTEM32\windows.storage.dll
0x00007ffdd4ee0000 - 0x00007ffdd5259000 	C:\Windows\System32\combase.dll
0x00007ffdd1940000 - 0x00007ffdd1aa6000 	C:\Windows\SYSTEM32\wintypes.dll
0x00007ffdd6300000 - 0x00007ffdd63ea000 	C:\Windows\System32\SHCORE.dll
0x00007ffdd4e80000 - 0x00007ffdd4edd000 	C:\Windows\System32\shlwapi.dll
0x00007ffdd38b0000 - 0x00007ffdd38d1000 	C:\Windows\SYSTEM32\profapi.dll

dbghelp: loaded successfully - version: 4.0.5 - missing functions: none
symbol engine: initialized successfully - sym options: 0x614 - pdb path: .;C:\Program Files\Java\jdk-19\bin;C:\Windows\SYSTEM32;C:\Windows\WinSxS\amd64_microsoft.windows.common-controls_6595b64144ccf1df_6.0.22000.120_none_9d947278b86cc467;C:\Program Files\Java\jdk-19\bin\server

VM Arguments:
java_command: com.mycompany.pointofsales.PointOfSales
java_class_path (initial): C:\Users\refah\OneDrive\Documents\GitHub\Point-Of-Sales\PointOfSales\target\classes;C:\Users\refah\.m2\repository\com\mysql\mysql-connector-j\8.0.33\mysql-connector-j-8.0.33.jar;C:\Users\refah\.m2\repository\com\google\protobuf\protobuf-java\3.21.9\protobuf-java-3.21.9.jar;C:\Users\refah\.m2\repository\org\netbeans\external\AbsoluteLayout\RELEASE160\AbsoluteLayout-RELEASE160.jar
Launcher Type: SUN_STANDARD

[Global flags]
     intx CICompilerCount                          = 4                                         {product} {ergonomic}
     uint ConcGCThreads                            = 2                                         {product} {ergonomic}
     uint G1ConcRefinementThreads                  = 8                                         {product} {ergonomic}
   size_t G1HeapRegionSize                         = 1048576                                   {product} {ergonomic}
    uintx GCDrainStackTargetSize                   = 64                                        {product} {ergonomic}
   size_t InitialHeapSize                          = 96468992                                  {product} {ergonomic}
   size_t MarkStackSize                            = 4194304                                   {product} {ergonomic}
   size_t MaxHeapSize                              = 1541406720                                {product} {ergonomic}
   size_t MaxNewSize                               = 924844032                                 {product} {ergonomic}
   size_t MinHeapDeltaBytes                        = 1048576                                   {product} {ergonomic}
   size_t MinHeapSize                              = 8388608                                   {product} {ergonomic}
    uintx NonNMethodCodeHeapSize                   = 5839372                                {pd product} {ergonomic}
    uintx NonProfiledCodeHeapSize                  = 122909434                              {pd product} {ergonomic}
    uintx ProfiledCodeHeapSize                     = 122909434                              {pd product} {ergonomic}
    uintx ReservedCodeCacheSize                    = 251658240                              {pd product} {ergonomic}
     bool SegmentedCodeCache                       = true                                      {product} {ergonomic}
   size_t SoftMaxHeapSize                          = 1541406720                             {manageable} {ergonomic}
     bool UseCompressedClassPointers               = true                           {product lp64_product} {ergonomic}
     bool UseCompressedOops                        = true                           {product lp64_product} {ergonomic}
     bool UseG1GC                                  = true                                      {product} {ergonomic}
     bool UseLargePagesIndividualAllocation        = false                                  {pd product} {ergonomic}

Logging:
Log output configuration:
 #0: stdout all=warning uptime,level,tags foldmultilines=false
 #1: stderr all=off uptime,level,tags foldmultilines=false

Environment Variables:
JAVA_HOME=C:\Program Files\Java\jdk-19
PATH=C:\Program Files\Python311\Scripts\;C:\Program Files\Python311\;C:\Program Files\Common Files\Oracle\Java\javapath;C:\Windows\system32;C:\Windows;C:\Windows\System32\Wbem;C:\Windows\System32\WindowsPowerShell\v1.0\;C:\Windows\System32\OpenSSH\;C:\Users\refah\AppData\Local\Microsoft\WindowsApps;C:\Users\refah\AppData\Local\Programs\Microsoft VS Code\bin;C:\Users\refah\AppData\Local\GitHubDesktop\bin
USERNAME=refah
OS=Windows_NT
PROCESSOR_IDENTIFIER=AMD64 Family 23 Model 160 Stepping 0, AuthenticAMD
TMP=C:\Users\refah\AppData\Local\Temp
TEMP=C:\Users\refah\AppData\Local\Temp



---------------  S Y S T E M  ---------------

OS:
 Windows 11 , 64 bit Build 22000 (10.0.22000.708)
OS uptime: 1 days 6:01 hours
Hyper-V role detected

CPU: total 8 (initial active 8) (8 cores per cpu, 2 threads per core) family 23 model 160 stepping 0 microcode 0x0, cx8, cmov, fxsr, ht, mmx, 3dnowpref, sse, sse2, sse3, ssse3, sse4a, sse4.1, sse4.2, popcnt, lzcnt, tsc, tscinvbit, avx, avx2, aes, clmul, bmi1, bmi2, adx, sha, fma, vzeroupper, clflush, clflushopt, hv, rdtscp, rdpid

Memory: 4k page, system-wide physical 5877M (418M free)
TotalPageFile size 14069M (AvailPageFile size 4M)
current process WorkingSet (physical memory assigned to process): 29M, peak: 29M
current process commit charge ("private bytes"): 173M, peak: 173M

vm_info: Java HotSpot(TM) 64-Bit Server VM (19.0.2+7-44) for windows-amd64 JRE (19.0.2+7-44), built on 2022-11-30T18:02:09Z by "mach5one" with MS VC++ 17.1 (VS2022)

END.
